[debug] [2022-02-21T12:34:56.485Z] ----------------------------------------------------------------------
[debug] [2022-02-21T12:34:56.489Z] Command:       C:\Program Files\nodejs\node.exe C:\Users\Admin\AppData\Roaming\npm\node_modules\firebase-tools\lib\bin\firebase.js init
[debug] [2022-02-21T12:34:56.490Z] CLI Version:   10.2.1
[debug] [2022-02-21T12:34:56.490Z] Platform:      win32
[debug] [2022-02-21T12:34:56.490Z] Node Version:  v17.2.0
[debug] [2022-02-21T12:34:56.498Z] Time:          Mon Feb 21 2022 19:34:56 GMT+0700 (Indochina Time)
[debug] [2022-02-21T12:34:56.498Z] ----------------------------------------------------------------------
[debug] 
[debug] [2022-02-21T12:34:56.510Z] >>> [apiv2][query] GET https://firebase-public.firebaseio.com/cli.json [none]
[debug] [2022-02-21T12:34:56.852Z] > command requires scopes: ["email","openid","https://www.googleapis.com/auth/cloudplatformprojects.readonly","https://www.googleapis.com/auth/firebase","https://www.googleapis.com/auth/cloud-platform"]
[debug] [2022-02-21T12:34:56.852Z] > authorizing via signed-in user (tungholmes25@gmail.com)
[info] 
     ######## #### ########  ######## ########     ###     ######  ########
     ##        ##  ##     ## ##       ##     ##  ##   ##  ##       ##
     ######    ##  ########  ######   ########  #########  ######  ######
     ##        ##  ##    ##  ##       ##     ## ##     ##       ## ##
     ##       #### ##     ## ######## ########  ##     ##  ######  ########

You're about to initialize a Firebase project in this directory:

  C:\Users\Admin\Desktop\code dạo\our books\bookshop

Before we get started, keep in mind:

  * You are initializing within an existing Firebase project directory

[debug] [2022-02-21T12:34:58.119Z] <<< [apiv2][status] GET https://firebase-public.firebaseio.com/cli.json 200
[debug] [2022-02-21T12:34:58.119Z] <<< [apiv2][body] GET https://firebase-public.firebaseio.com/cli.json {"cloudBuildErrorAfter":1594252800000,"cloudBuildWarnAfter":1590019200000,"defaultNode10After":1594252800000,"minVersion":"3.0.5","node8DeploysDisabledAfter":1613390400000,"node8RuntimeDisabledAfter":1615809600000,"node8WarnAfter":1600128000000}
[info] 
=== Project Setup
[info] 
[info] First, let's associate this project directory with a Firebase project.
[info] You can create multiple project aliases by running firebase use --add, 
[info] but for now we'll just set up a default project.
[info] 
[debug] [2022-02-21T12:35:20.395Z] Using project from CLI flag: bookshop-997b3
[debug] [2022-02-21T12:35:20.396Z] > refreshing access token with scopes: []
[debug] [2022-02-21T12:35:20.397Z] >>> HTTP REQUEST POST https://www.googleapis.com/oauth2/v3/token  
 <request body omitted>
[debug] [2022-02-21T12:35:20.904Z] <<< HTTP RESPONSE 200 {"expires":"Mon, 01 Jan 1990 00:00:00 GMT","pragma":"no-cache","cache-control":"no-cache, no-store, max-age=0, must-revalidate","date":"Mon, 21 Feb 2022 12:35:19 GMT","content-type":"application/json; charset=utf-8","vary":"X-Origin, Referer, Origin,Accept-Encoding","server":"scaffolding on HTTPServer2","x-xss-protection":"0","x-frame-options":"SAMEORIGIN","x-content-type-options":"nosniff","alt-svc":"h3=\":443\"; ma=2592000,h3-29=\":443\"; ma=2592000,h3-Q050=\":443\"; ma=2592000,h3-Q046=\":443\"; ma=2592000,h3-Q043=\":443\"; ma=2592000,quic=\":443\"; ma=2592000; v=\"46,43\"","accept-ranges":"none","transfer-encoding":"chunked"}
[debug] [2022-02-21T12:35:20.943Z] >>> [apiv2][query] GET https://firebase.googleapis.com/v1beta1/projects/bookshop-997b3 [none]
[debug] [2022-02-21T12:35:21.851Z] <<< [apiv2][status] GET https://firebase.googleapis.com/v1beta1/projects/bookshop-997b3 200
[debug] [2022-02-21T12:35:21.852Z] <<< [apiv2][body] GET https://firebase.googleapis.com/v1beta1/projects/bookshop-997b3 {"projectId":"bookshop-997b3","projectNumber":"644749568388","displayName":"bookshop","name":"projects/bookshop-997b3","resources":{"hostingSite":"bookshop-997b3"},"state":"ACTIVE"}
[info] i  Using project bookshop-997b3 (bookshop) 
[info] 
=== Hosting Setup
[info] 
[info] Your public directory is the folder (relative to your project directory) that
[info] will contain Hosting assets to be uploaded with firebase deploy. If you
[info] have a build process for your assets, use your build's output directory.
[info] 
[debug] [2022-02-21T12:35:50.598Z] >>> [apiv2][query] GET https://www.gstatic.com/firebasejs/releases.json [none]
[debug] [2022-02-21T12:35:51.019Z] <<< [apiv2][status] GET https://www.gstatic.com/firebasejs/releases.json 200
[debug] [2022-02-21T12:35:51.020Z] <<< [apiv2][body] GET https://www.gstatic.com/firebasejs/releases.json {"current":{"version":"9.6.7","browserURL":"https://www.gstatic.com/firebasejs/9.6.7/firebase.js","packageURL":"https://www.gstatic.com/firebasejs/9.6.7/firebase.tgz"},"live":{"version":"9.6","browserURL":"https://www.gstatic.com/firebasejs/live/9.6/firebase.js","packageURL":"https://www.gstatic.com/firebasejs/live/9.6/firebase.tgz"},"components":{"analytics":"https://www.gstatic.com/firebasejs/9.6.7/firebase-analytics.js","app":"https://www.gstatic.com/firebasejs/9.6.7/firebase-app.js","app-check":"https://www.gstatic.com/firebasejs/9.6.7/firebase-app-check.js","auth":"https://www.gstatic.com/firebasejs/9.6.7/firebase-auth.js","auth/cordova":"https://www.gstatic.com/firebasejs/9.6.7/firebase-auth/cordova.js","auth/react-native":"https://www.gstatic.com/firebasejs/9.6.7/firebase-auth/react-native.js","functions":"https://www.gstatic.com/firebasejs/9.6.7/firebase-functions.js","firestore":"https://www.gstatic.com/firebasejs/9.6.7/firebase-firestore.js","firestore/lite":"https://www.gstatic.com/firebasejs/9.6.7/firebase-firestore/lite.js","storage":"https://www.gstatic.com/firebasejs/9.6.7/firebase-storage.js","performance":"https://www.gstatic.com/firebasejs/9.6.7/firebase-performance.js","remote-config":"https://www.gstatic.com/firebasejs/9.6.7/firebase-remote-config.js","messaging":"https://www.gstatic.com/firebasejs/9.6.7/firebase-messaging.js","messaging/sw":"https://www.gstatic.com/firebasejs/9.6.7/firebase-messaging/sw.js","database":"https://www.gstatic.com/firebasejs/9.6.7/firebase-database.js","firestore.memory":"https://www.gstatic.com/firebasejs/9.6.7/firebase-firestore.memory.js"}}
[info] +  Wrote y/index.html 
[info] 
[info] i  Detected a .git folder at C:\Users\Admin\Desktop\code dạo\our books\bookshop 
[info] i  Authorizing with GitHub to upload your service account to a GitHub repository's secrets store. 
[info] 
[info] Visit this URL on this device to log in:
[info] https://github.com/login/oauth/authorize?client_id=89cf50f02ac6aaed3484&state=969142974&redirect_uri=http%3A%2F%2Flocalhost%3A9005&scope=read%3Auser%20repo%20public_repo
[info] 
[info] Waiting for authentication...
[debug] [2022-02-21T12:35:52.084Z] >>> HTTP REQUEST POST https://github.com/login/oauth/access_token  
 {"client_id":"89cf50f02ac6aaed3484","client_secret":"3330d14abc895d9a74d5f17cd7a00711fa2c5bf0","code":"ce91f8f1390f0244d882","redirect_uri":"http://localhost:9005","state":"969142974"}
[debug] [2022-02-21T12:35:52.775Z] <<< HTTP RESPONSE 200 {"server":"GitHub.com","date":"Mon, 21 Feb 2022 12:35:51 GMT","content-type":"application/json; charset=utf-8","transfer-encoding":"chunked","vary":"X-PJAX, X-PJAX-Container, Accept-Encoding, Accept, X-Requested-With","permissions-policy":"interest-cohort=()","etag":"W/\"a5f5242535a79914b85986c100c40104\"","cache-control":"max-age=0, private, must-revalidate","strict-transport-security":"max-age=31536000; includeSubdomains; preload","x-frame-options":"deny","x-content-type-options":"nosniff","x-xss-protection":"0","referrer-policy":"origin-when-cross-origin, strict-origin-when-cross-origin","expect-ct":"max-age=2592000, report-uri=\"https://api.github.com/_private/browser/errors\"","content-security-policy":"default-src 'none'; base-uri 'self'; block-all-mixed-content; child-src github.com/assets-cdn/worker/ gist.github.com/assets-cdn/worker/; connect-src 'self' uploads.github.com objects-origin.githubusercontent.com www.githubstatus.com collector.githubapp.com collector.github.com api.github.com github-cloud.s3.amazonaws.com github-production-repository-file-5c1aeb.s3.amazonaws.com github-production-upload-manifest-file-7fdce7.s3.amazonaws.com github-production-user-asset-6210df.s3.amazonaws.com cdn.optimizely.com logx.optimizely.com/v1/events translator.github.com wss://alive.github.com; font-src github.githubassets.com; form-action 'self' github.com gist.github.com objects-origin.githubusercontent.com; frame-ancestors 'none'; frame-src render.githubusercontent.com viewscreen.githubusercontent.com notebooks.githubusercontent.com; img-src 'self' data: github.githubassets.com identicons.github.com collector.githubapp.com collector.github.com github-cloud.s3.amazonaws.com secured-user-images.githubusercontent.com/ *.githubusercontent.com; manifest-src 'self'; media-src github.com user-images.githubusercontent.com/; script-src github.githubassets.com; style-src 'unsafe-inline' github.githubassets.com; worker-src github.com/assets-cdn/worker/ gist.github.com/assets-cdn/worker/","x-github-request-id":"9731:1B7A:ED2CC:1BD9F5:62138727"}
[debug] [2022-02-21T12:35:52.814Z] >>> [apiv2][query] GET https://api.github.com/user [none]
[debug] [2022-02-21T12:35:53.449Z] <<< [apiv2][status] GET https://api.github.com/user 200
[debug] [2022-02-21T12:35:53.449Z] <<< [apiv2][body] GET https://api.github.com/user {"login":"tungnguyendn99","id":73242061,"node_id":"MDQ6VXNlcjczMjQyMDYx","avatar_url":"https://avatars.githubusercontent.com/u/73242061?v=4","gravatar_id":"","url":"https://api.github.com/users/tungnguyendn99","html_url":"https://github.com/tungnguyendn99","followers_url":"https://api.github.com/users/tungnguyendn99/followers","following_url":"https://api.github.com/users/tungnguyendn99/following{/other_user}","gists_url":"https://api.github.com/users/tungnguyendn99/gists{/gist_id}","starred_url":"https://api.github.com/users/tungnguyendn99/starred{/owner}{/repo}","subscriptions_url":"https://api.github.com/users/tungnguyendn99/subscriptions","organizations_url":"https://api.github.com/users/tungnguyendn99/orgs","repos_url":"https://api.github.com/users/tungnguyendn99/repos","events_url":"https://api.github.com/users/tungnguyendn99/events{/privacy}","received_events_url":"https://api.github.com/users/tungnguyendn99/received_events","type":"User","site_admin":false,"name":null,"company":null,"blog":"","location":null,"email":null,"hireable":null,"bio":null,"twitter_username":null,"public_repos":2,"public_gists":0,"followers":0,"following":0,"created_at":"2020-10-21T15:04:41Z","updated_at":"2022-02-21T11:50:35Z","private_gists":0,"total_private_repos":0,"owned_private_repos":0,"disk_usage":0,"collaborators":0,"two_factor_authentication":false,"plan":{"name":"free","space":976562499,"collaborators":0,"private_repos":10000}}
[info] 
[info] +  Success! Logged into GitHub as tungnguyendn99 
[info] 
